<?xml version="1.0" encoding="UTF-8"?>
<!-- Generated by org.testng.reporters.JUnitReportReporter -->
<testsuite hostname="LIN51015447" failures="0" tests="1" name="shubhenduAutomation.ErrorValidationsTest" time="9.827" errors="0" timestamp="2024-03-04T16:23:29 IST" skipped="0">
  <testcase classname="shubhenduAutomation.ErrorValidationsTest" name="logInErrorValidation" time="9.827"/>
  <system-out/>
</testsuite> <!-- shubhenduAutomation.ErrorValidationsTest -->
