<?xml version="1.0" encoding="UTF-8"?>
<!-- Generated by org.testng.reporters.JUnitReportReporter -->
<testsuite hostname="LIN51015447" failures="0" tests="2" name="shubhenduAutomation.ErrorValidationsTest" time="14.570" errors="0" timestamp="2024-03-02T16:57:08 IST" skipped="0">
  <testcase classname="shubhenduAutomation.ErrorValidationsTest" name="logInErrorValidation" time="8.637"/>
  <system-out/>
  <testcase classname="shubhenduAutomation.ErrorValidationsTest" name="checkCountISOne" time="5.933"/>
  <system-out/>
</testsuite> <!-- shubhenduAutomation.ErrorValidationsTest -->
