<?xml version="1.0" encoding="UTF-8"?>
<!-- Generated by org.testng.reporters.JUnitReportReporter -->
<testsuite hostname="LIN51015447" failures="0" tests="4" name="shubhenduAutomation.StandAloneTest" time="34.356" errors="0" timestamp="2024-03-02T16:57:08 IST" skipped="0">
  <testcase classname="shubhenduAutomation.StandAloneTest" name="standAloneTest" time="9.461"/>
  <system-out/>
  <testcase classname="shubhenduAutomation.StandAloneTest" name="standAloneTest" time="9.981"/>
  <system-out/>
  <testcase classname="shubhenduAutomation.StandAloneTest" name="orderValidation" time="10.348"/>
  <system-out/>
  <testcase classname="shubhenduAutomation.StandAloneTest" name="orderValidation" time="4.566"/>
  <system-out/>
</testsuite> <!-- shubhenduAutomation.StandAloneTest -->
