<?xml version="1.0" encoding="UTF-8"?>
<!-- Generated by org.testng.reporters.JUnitReportReporter -->
<testsuite hostname="LIN51015447" failures="0" tests="1" name="shubhenduAutomation.ErrorValidations" time="5.181" errors="0" timestamp="2024-03-01T01:22:24 IST" skipped="0">
  <testcase classname="shubhenduAutomation.ErrorValidations" name="submitOrder" time="5.181"/>
  <system-out/>
</testsuite> <!-- shubhenduAutomation.ErrorValidations -->
