<?xml version="1.0" encoding="UTF-8"?>
<!-- Generated by org.testng.reporters.JUnitReportReporter -->
<testsuite hostname="LIN51015447" failures="0" tests="2" name="shubhenduAutomation.StandAloneTest" time="21.430" errors="0" timestamp="2024-03-04T20:22:10 IST" skipped="0">
  <testcase classname="shubhenduAutomation.StandAloneTest" name="standAloneTest" time="12.300"/>
  <system-out/>
  <testcase classname="shubhenduAutomation.StandAloneTest" name="standAloneTest" time="9.130"/>
  <system-out/>
</testsuite> <!-- shubhenduAutomation.StandAloneTest -->
