<?xml version="1.0" encoding="UTF-8"?>
<!-- Generated by org.testng.reporters.JUnitReportReporter -->
<testsuite hostname="LIN51015447" failures="0" tests="4" name="shubhenduAutomation.StandAloneTest" time="29.778" errors="0" timestamp="2024-03-04T19:57:20 IST" skipped="0">
  <testcase classname="shubhenduAutomation.StandAloneTest" name="standAloneTest" time="9.038"/>
  <system-out/>
  <testcase classname="shubhenduAutomation.StandAloneTest" name="orderValidation" time="4.516"/>
  <system-out/>
  <testcase classname="shubhenduAutomation.StandAloneTest" name="orderValidation" time="5.030"/>
  <system-out/>
  <testcase classname="shubhenduAutomation.StandAloneTest" name="standAloneTest" time="11.194"/>
  <system-out/>
</testsuite> <!-- shubhenduAutomation.StandAloneTest -->
