<?xml version="1.0" encoding="UTF-8"?>
<!-- Generated by org.testng.reporters.JUnitReportReporter -->
<testsuite hostname="LIN51015447" failures="0" tests="4" name="shubhenduAutomation.StandAloneTest" time="33.025" errors="0" timestamp="2024-03-04T16:09:46 IST" skipped="0">
  <testcase classname="shubhenduAutomation.StandAloneTest" name="standAloneTest" time="9.934"/>
  <system-out/>
  <testcase classname="shubhenduAutomation.StandAloneTest" name="orderValidation" time="9.152"/>
  <system-out/>
  <testcase classname="shubhenduAutomation.StandAloneTest" name="orderValidation" time="4.698"/>
  <system-out/>
  <testcase classname="shubhenduAutomation.StandAloneTest" name="standAloneTest" time="9.241"/>
  <system-out/>
</testsuite> <!-- shubhenduAutomation.StandAloneTest -->
