<?xml version="1.0" encoding="UTF-8"?>
<!-- Generated by org.testng.reporters.JUnitReportReporter -->
<testsuite hostname="LIN51015447" failures="0" tests="2" name="shubhenduAutomation.ErrorValidationsTest" time="14.527" errors="0" timestamp="2024-03-04T16:09:46 IST" skipped="0">
  <testcase classname="shubhenduAutomation.ErrorValidationsTest" name="logInErrorValidation" time="3.756"/>
  <system-out/>
  <testcase classname="shubhenduAutomation.ErrorValidationsTest" name="checkCountISOne" time="10.771"/>
  <system-out/>
</testsuite> <!-- shubhenduAutomation.ErrorValidationsTest -->
